<?xml version="1.0" encoding="UTF-8"?>
<!-- Generated by org.testng.reporters.JUnitXMLReporter -->
<testsuite hostname="DT-AKASH" ignored="0" name="Default test" tests="3" failures="0" timestamp="03 Apr 2017 14:51:22 GMT" time="45.685" errors="0">
  <testcase name="HomePageTC_001" time="12.588" classname="com.automation.portal.test.functional.HomePageUC_001"/>
  <testcase name="HomePageTC_002" time="5.583" classname="com.automation.portal.test.functional.HomePageUC_001"/>
  <testcase name="HomePageTC_003" time="0.397" classname="com.automation.portal.test.functional.HomePageUC_001"/>
</testsuite> <!-- Default test -->
