<?xml version="1.0" encoding="UTF-8"?>
<testng-results skipped="0" failed="0" ignored="0" total="1" passed="1">
  <reporter-output>
  </reporter-output>
  <suite name="Default suite" duration-ms="11942" started-at="2017-03-28T18:26:11Z" finished-at="2017-03-28T18:26:23Z">
    <groups>
    </groups>
    <test name="Default test" duration-ms="11942" started-at="2017-03-28T18:26:11Z" finished-at="2017-03-28T18:26:23Z">
      <class name="com.automation.portal.test.smoke.LaunchBrowserTest">
        <test-method status="PASS" signature="lauchBrowser()[pri:0, instance:com.automation.portal.test.smoke.LaunchBrowserTest@14acaea5]" name="lauchBrowser" duration-ms="11896" started-at="2017-03-28T23:56:11Z" finished-at="2017-03-28T23:56:23Z">
          <reporter-output>
          </reporter-output>
        </test-method> <!-- lauchBrowser -->
      </class> <!-- com.automation.portal.test.smoke.LaunchBrowserTest -->
    </test> <!-- Default test -->
  </suite> <!-- Default suite -->
</testng-results>
